<?xml version="1.0" encoding="UTF-8"?>
<!-- Generated by org.testng.reporters.JUnitXMLReporter -->
<testsuite ignored="0" hostname="Roy-PC" failures="0" tests="4" name="AddCustomerTest" time="28.774" errors="0" timestamp="08 Oct 2024 06:55:33 GMT">
  <testcase classname="testcases.AddCustomerTest" name="addCustomerTest" time="9.567"/>
  <testcase classname="testcases.AddCustomerTest" name="addCustomerTest" time="9.472"/>
  <testcase classname="testcases.AddCustomerTest" name="addCustomerTest" time="9.504"/>
  <testcase classname="testcases.AddCustomerTest" name="addCustomerTest" time="0.001">
    <skipped/>
  </testcase> <!-- addCustomerTest -->
</testsuite> <!-- AddCustomerTest -->
