<?xml version="1.0" encoding="UTF-8"?>
<!-- Generated by org.testng.reporters.JUnitXMLReporter -->
<testsuite ignored="0" hostname="Roy-PC" failures="1" tests="1" name="ManagerLogin" time="7.605" errors="0" timestamp="08 Oct 2024 06:55:05 GMT">
  <testcase classname="testcases.ManagerLogin" name="managerLogin" time="6.713">
    <failure type="java.lang.AssertionError" message="Login not successful">
      <![CDATA[java.lang.AssertionError: Login not successful
at testcases.ManagerLogin.managerLogin(ManagerLogin.java:27)
... Removed 30 stack frames]]>
    </failure>
  </testcase> <!-- managerLogin -->
</testsuite> <!-- ManagerLogin -->
