<?xml version="1.0" encoding="UTF-8"?>
<testsuite xmlns:xsi="http://www.w3.org/2001/XMLSchema-instance" xsi:noNamespaceSchemaLocation="https://maven.apache.org/surefire/maven-surefire-plugin/xsd/surefire-test-report-3.0.xsd" version="3.0" name="TestSuite" time="57.064" tests="6" errors="0" skipped="1" failures="2">
  <properties>
[...]
</properties>
  <testcase name="managerLogin" classname="testcases.ManagerLogin" time="7.567">
    <failure message="Login not successful" type="java.lang.AssertionError"><![CDATA[java.lang.AssertionError: Login not successful
	at testcases.ManagerLogin.managerLogin(ManagerLogin.java:27)
]]></failure>
    <system-out><![CDATA[[TestNGContentHandler] [WARN] It is strongly recommended to add "<!DOCTYPE suite SYSTEM "http://testng.org/testng-1.0.dtd" >" at the top of your file, otherwise TestNG may fail or not work as expected.
]]></system-out>
    <system-err><![CDATA[log4j:WARN No such property [covsersionPattern] in org.apache.log4j.PatternLayout.
log4j:WARN No such property [maxBackIndex] in org.apache.log4j.RollingFileAppender.
log4j:WARN No such property [maxBackSize] in org.apache.log4j.RollingFileAppender.
]]></system-err>
  </testcase>
  <testcase name="addCustomerTest[{alerttext=, postcode=TW11, lastname=Ovie, runmode=Y, firstname=Roy}](1)" classname="testcases.AddCustomerTest" time="9.623"/>
  <testcase name="addCustomerTest[{alerttext=, postcode=TW12, lastname=Ovia, runmode=Y, firstname=Roi}](2)" classname="testcases.AddCustomerTest" time="9.539"/>
  <testcase name="addCustomerTest[{alerttext=, postcode=TW13, lastname=Oviq, runmode=Y, firstname=Roy}](3)" classname="testcases.AddCustomerTest" time="9.567"/>
  <testcase name="addCustomerTest[{alerttext=, postcode=TW14, lastname=Ovie, runmode=N, firstname=Roe}](4)" classname="testcases.AddCustomerTest" time="0">
    <skipped message="Skipping the test case as the Run mode for data set is NO"/>
  </testcase>
  <testcase name="openAccountTest[{currency=Dollar, alerttext=, customer=Roy Ovie}](1)" classname="testcases.OpenAccountTest" time="10.508">
    <failure message="no such element: Unable to locate element: {&quot;method&quot;:&quot;xpath&quot;,&quot;selector&quot;:&quot;//*[@id=&quot;userSelect&quot;]&quot;}&#10;  (Session info: chrome=129.0.6668.90)&#10;For documentation on this error, please visit: https://www.selenium.dev/documentation/webdriver/troubleshooting/errors#no-such-element-exception&#10;Build info: version: &apos;4.25.0&apos;, revision: &apos;8a8aea2337&apos;&#10;System info: os.name: &apos;Windows 11&apos;, os.arch: &apos;amd64&apos;, os.version: &apos;10.0&apos;, java.version: &apos;11.0.18&apos;&#10;Driver info: org.openqa.selenium.chrome.ChromeDriver&#10;Command: [ca31e4b90e76c553478d6d6485ec3065, findElement {using=xpath, value=//*[@id=&quot;userSelect&quot;]}]&#10;Capabilities {acceptInsecureCerts: false, browserName: chrome, browserVersion: 129.0.6668.90, chrome: {chromedriverVersion: 129.0.6668.89 (951c0b97221f..., userDataDir: C:\Users\ovbiy\AppData\Loca...}, fedcm:accounts: true, goog:chromeOptions: {debuggerAddress: localhost:61754}, networkConnectionEnabled: false, pageLoadStrategy: normal, platformName: windows, proxy: Proxy(), se:cdp: ws://localhost:61754/devtoo..., se:cdpVersion: 129.0.6668.90, setWindowRect: true, strictFileInteractability: false, timeouts: {implicit: 0, pageLoad: 300000, script: 30000}, unhandledPromptBehavior: dismiss and notify, webauthn:extension:credBlob: true, webauthn:extension:largeBlob: true, webauthn:extension:minPinLength: true, webauthn:extension:prf: true, webauthn:virtualAuthenticators: true}&#10;Session ID: ca31e4b90e76c553478d6d6485ec3065" type="org.openqa.selenium.NoSuchElementException"><![CDATA[org.openqa.selenium.NoSuchElementException: 
no such element: Unable to locate element: {"method":"xpath","selector":"//*[@id="userSelect"]"}
  (Session info: chrome=129.0.6668.90)
For documentation on this error, please visit: https://www.selenium.dev/documentation/webdriver/troubleshooting/errors#no-such-element-exception
Build info: version: '4.25.0', revision: '8a8aea2337'
System info: os.name: 'Windows 11', os.arch: 'amd64', os.version: '10.0', java.version: '11.0.18'
Driver info: org.openqa.selenium.chrome.ChromeDriver
Command: [ca31e4b90e76c553478d6d6485ec3065, findElement {using=xpath, value=//*[@id="userSelect"]}]
Capabilities {acceptInsecureCerts: false, browserName: chrome, browserVersion: 129.0.6668.90, chrome: {chromedriverVersion: 129.0.6668.89 (951c0b97221f..., userDataDir: C:\Users\ovbiy\AppData\Loca...}, fedcm:accounts: true, goog:chromeOptions: {debuggerAddress: localhost:61754}, networkConnectionEnabled: false, pageLoadStrategy: normal, platformName: windows, proxy: Proxy(), se:cdp: ws://localhost:61754/devtoo..., se:cdpVersion: 129.0.6668.90, setWindowRect: true, strictFileInteractability: false, timeouts: {implicit: 0, pageLoad: 300000, script: 30000}, unhandledPromptBehavior: dismiss and notify, webauthn:extension:credBlob: true, webauthn:extension:largeBlob: true, webauthn:extension:minPinLength: true, webauthn:extension:prf: true, webauthn:virtualAuthenticators: true}
Session ID: ca31e4b90e76c553478d6d6485ec3065
	at testcases.OpenAccountTest.openAccountTest(OpenAccountTest.java:21)
]]></failure>
  </testcase>
</testsuite>