<?xml version="1.0" encoding="UTF-8"?>
<testsuite name="AddCustomerTest"
           tests="4"
           failures="0"
           errors="0"
           skipped="1"
           time="28.544">
  <properties />
  
            <testcase name="addCustomerTest" time="0.0" classname="testcases.AddCustomerTest">
          <skipped />
    </testcase>
  
            <testcase name="addCustomerTest" time="9.567" classname="testcases.AddCustomerTest" />
                <testcase name="addCustomerTest" time="9.472" classname="testcases.AddCustomerTest" />
                <testcase name="addCustomerTest" time="9.504" classname="testcases.AddCustomerTest" />
      
</testsuite>
